des_muster_dateinamen
des_s_einreichungsweg
ktv_variable_werteauswahl
lkv_historie
lkv_s_abrechenbarkeit
ktv_variable
ktv_kopf
ktv_wert
lkv_kopf
lkv_abrechenbarkeit
lkv_leistung
lkv_art
lkv_bonuswert
lkv_katalog
lkv_s_berechnungstyp
lkv_s_bonusstufe
lkv_s_ze_teilabrechnung
lkv_zuweisung
kts_kostentraeger
kts_kostentraeger_art
kts_kostentraeger_block
kts_kostentraeger_details
kts_kostentraeger_gruppe
kts_kostentraeger_typ
kts_kostentraeger_umlenkung
kts_kostentraeger_versand
kts_kostentraeger_versand_lb
abr_fachprotokoll
des_abrechnungszeitraum
des_leistungsbereich
abr_s_leistungsbereich
kzv_abrechnungsnummer
kzv_organisationseinheit
kzv_bereich
abr_s_punktwertart
kzv_organisationseinheit
kzv_bereich
