des_s_einreichungsweg
abr_s_leistungsbereich
kzv_bereich
kzv_organisationseinheit
abr_s_punktwertart
kts_kostentraeger_block
kts_kostentraeger_gruppe
kts_kostentraeger_typ
abr_fachprotokoll
kzv_abrechnungsnummer
kts_kostentraeger_art
kts_kostentraeger
kts_kostentraeger_details
kts_kostentraeger_umlenkung
kts_kostentraeger_versand
kts_kostentraeger_versand_lb
ktv_variable
ktv_kopf
ktv_wert
lkv_art
lkv_s_bonusstufe
lkv_s_berechnungstyp
lkv_s_ze_teilabrechnung
lkv_s_abrechenbarkeit
lkv_leistung
lkv_kopf
lkv_historie
lkv_abrechenbarkeit
lkv_bonuswert
lkv_katalog
lkv_zuweisung
des_leistungsbereich
ktv_variable_werteauswahl
des_muster_dateinamen
